<?xml version="1.0" encoding="UTF-8"?>
<testsuite xmlns:xsi="http://www.w3.org/2001/XMLSchema-instance" xsi:noNamespaceSchemaLocation="https://maven.apache.org/surefire/maven-surefire-plugin/xsd/surefire-test-report-3.0.xsd" version="3.0" name="TestSuite" time="9.771" tests="6" errors="0" skipped="0" failures="0">
  <properties>
    <property name="java.specification.version" value="21"/>
    <property name="sun.cpu.isalist" value="amd64"/>
    <property name="sun.jnu.encoding" value="Cp1252"/>
    <property name="java.class.path" value="C:\Users\tapas\eclipse-workspace\JavaPlaywrightFW\target\test-classes;C:\Users\tapas\eclipse-workspace\JavaPlaywrightFW\target\classes;C:\Users\tapas\.m2\repository\org\testng\testng\7.11.0\testng-7.11.0.jar;C:\Users\tapas\.m2\repository\org\slf4j\slf4j-api\2.0.16\slf4j-api-2.0.16.jar;C:\Users\tapas\.m2\repository\org\jcommander\jcommander\1.83\jcommander-1.83.jar;C:\Users\tapas\.m2\repository\org\webjars\jquery\3.7.1\jquery-3.7.1.jar;C:\Users\tapas\.m2\repository\com\microsoft\playwright\playwright\1.54.0\playwright-1.54.0.jar;C:\Users\tapas\.m2\repository\com\google\code\gson\gson\2.12.1\gson-2.12.1.jar;C:\Users\tapas\.m2\repository\com\google\errorprone\error_prone_annotations\2.36.0\error_prone_annotations-2.36.0.jar;C:\Users\tapas\.m2\repository\org\opentest4j\opentest4j\1.3.0\opentest4j-1.3.0.jar;C:\Users\tapas\.m2\repository\com\microsoft\playwright\driver\1.54.0\driver-1.54.0.jar;C:\Users\tapas\.m2\repository\com\microsoft\playwright\driver-bundle\1.54.0\driver-bundle-1.54.0.jar;C:\Users\tapas\.m2\repository\com\aventstack\extentreports\5.1.2\extentreports-5.1.2.jar;C:\Users\tapas\.m2\repository\io\reactivex\rxjava3\rxjava\3.1.6\rxjava-3.1.6.jar;C:\Users\tapas\.m2\repository\org\reactivestreams\reactive-streams\1.0.4\reactive-streams-1.0.4.jar;C:\Users\tapas\.m2\repository\org\freemarker\freemarker\2.3.32\freemarker-2.3.32.jar;C:\Users\tapas\.m2\repository\org\projectlombok\lombok\1.18.26\lombok-1.18.26.jar;"/>
    <property name="java.vm.vendor" value="Oracle Corporation"/>
    <property name="sun.arch.data.model" value="64"/>
    <property name="user.variant" value=""/>
    <property name="java.vendor.url" value="https://java.oracle.com/"/>
    <property name="user.timezone" value="Asia/Calcutta"/>
    <property name="os.name" value="Windows 11"/>
    <property name="java.vm.specification.version" value="21"/>
    <property name="sun.java.launcher" value="SUN_STANDARD"/>
    <property name="user.country" value="IN"/>
    <property name="sun.boot.library.path" value="C:\Program Files\Java\jdk-21\bin"/>
    <property name="sun.java.command" value="C:\Users\tapas\AppData\Local\Temp\surefire10584497492350351185\surefirebooter-20250815230000776_3.jar C:\Users\tapas\AppData\Local\Temp\surefire10584497492350351185 2025-08-15T23-00-00_613-jvmRun1 surefire-20250815230000776_1tmp surefire_0-20250815230000776_2tmp"/>
    <property name="jdk.debug" value="release"/>
    <property name="surefire.test.class.path" value="C:\Users\tapas\eclipse-workspace\JavaPlaywrightFW\target\test-classes;C:\Users\tapas\eclipse-workspace\JavaPlaywrightFW\target\classes;C:\Users\tapas\.m2\repository\org\testng\testng\7.11.0\testng-7.11.0.jar;C:\Users\tapas\.m2\repository\org\slf4j\slf4j-api\2.0.16\slf4j-api-2.0.16.jar;C:\Users\tapas\.m2\repository\org\jcommander\jcommander\1.83\jcommander-1.83.jar;C:\Users\tapas\.m2\repository\org\webjars\jquery\3.7.1\jquery-3.7.1.jar;C:\Users\tapas\.m2\repository\com\microsoft\playwright\playwright\1.54.0\playwright-1.54.0.jar;C:\Users\tapas\.m2\repository\com\google\code\gson\gson\2.12.1\gson-2.12.1.jar;C:\Users\tapas\.m2\repository\com\google\errorprone\error_prone_annotations\2.36.0\error_prone_annotations-2.36.0.jar;C:\Users\tapas\.m2\repository\org\opentest4j\opentest4j\1.3.0\opentest4j-1.3.0.jar;C:\Users\tapas\.m2\repository\com\microsoft\playwright\driver\1.54.0\driver-1.54.0.jar;C:\Users\tapas\.m2\repository\com\microsoft\playwright\driver-bundle\1.54.0\driver-bundle-1.54.0.jar;C:\Users\tapas\.m2\repository\com\aventstack\extentreports\5.1.2\extentreports-5.1.2.jar;C:\Users\tapas\.m2\repository\io\reactivex\rxjava3\rxjava\3.1.6\rxjava-3.1.6.jar;C:\Users\tapas\.m2\repository\org\reactivestreams\reactive-streams\1.0.4\reactive-streams-1.0.4.jar;C:\Users\tapas\.m2\repository\org\freemarker\freemarker\2.3.32\freemarker-2.3.32.jar;C:\Users\tapas\.m2\repository\org\projectlombok\lombok\1.18.26\lombok-1.18.26.jar;"/>
    <property name="sun.cpu.endian" value="little"/>
    <property name="user.home" value="C:\Users\tapas"/>
    <property name="user.language" value="en"/>
    <property name="java.specification.vendor" value="Oracle Corporation"/>
    <property name="java.version.date" value="2025-07-15"/>
    <property name="java.home" value="C:\Program Files\Java\jdk-21"/>
    <property name="file.separator" value="\"/>
    <property name="basedir" value="C:\Users\tapas\eclipse-workspace\JavaPlaywrightFW"/>
    <property name="java.vm.compressedOopsMode" value="Zero based"/>
    <property name="line.separator" value="&#10;"/>
    <property name="java.vm.specification.vendor" value="Oracle Corporation"/>
    <property name="java.specification.name" value="Java Platform API Specification"/>
    <property name="surefire.real.class.path" value="C:\Users\tapas\AppData\Local\Temp\surefire10584497492350351185\surefirebooter-20250815230000776_3.jar"/>
    <property name="user.script" value=""/>
    <property name="sun.management.compiler" value="HotSpot 64-Bit Tiered Compilers"/>
    <property name="java.runtime.version" value="21.0.8+12-LTS-250"/>
    <property name="user.name" value="tapas"/>
    <property name="stdout.encoding" value="Cp1252"/>
    <property name="path.separator" value=";"/>
    <property name="os.version" value="10.0"/>
    <property name="java.runtime.name" value="Java(TM) SE Runtime Environment"/>
    <property name="file.encoding" value="UTF-8"/>
    <property name="java.vm.name" value="Java HotSpot(TM) 64-Bit Server VM"/>
    <property name="localRepository" value="C:\Users\tapas\.m2\repository"/>
    <property name="java.vendor.url.bug" value="https://bugreport.java.com/bugreport/"/>
    <property name="java.io.tmpdir" value="C:\Users\tapas\AppData\Local\Temp\"/>
    <property name="java.version" value="21.0.8"/>
    <property name="user.dir" value="C:\Users\tapas\eclipse-workspace\JavaPlaywrightFW"/>
    <property name="os.arch" value="amd64"/>
    <property name="java.vm.specification.name" value="Java Virtual Machine Specification"/>
    <property name="sun.os.patch.level" value=""/>
    <property name="native.encoding" value="Cp1252"/>
    <property name="java.library.path" value="C:\Program Files\Java\jdk-21\bin;C:\WINDOWS\Sun\Java\bin;C:\WINDOWS\system32;C:\WINDOWS;C:/Users/tapas/.p2/pool/plugins/org.eclipse.justj.openjdk.hotspot.jre.full.win32.x86_64_22.0.1.v20240426-1149/jre/bin/server;C:/Users/tapas/.p2/pool/plugins/org.eclipse.justj.openjdk.hotspot.jre.full.win32.x86_64_22.0.1.v20240426-1149/jre/bin;C:\Program Files\Common Files\Oracle\Java\javapath;C:\Python313\Scripts\;C:\Python313\;C:\WINDOWS\system32;C:\WINDOWS;C:\WINDOWS\System32\Wbem;C:\WINDOWS\System32\WindowsPowerShell\v1.0\;C:\WINDOWS\System32\OpenSSH\;C:\Program Files\apache-maven-3.9.6\bin;C:\Program Files\Git\cmd;C:\Users\allure-2.30.0\bin;C:\Program Files\Docker\Docker\resources\bin;C:\Program Files\nodejs\;C:\ProgramData\chocolatey\bin;C:\Program Files\nodejs\node_modules;C:\Program Files\dotnet\;C:\Program Files\Microsoft SQL Server\150\Tools\Binn\;C:\Program Files\Microsoft SQL Server\Client SDK\ODBC\170\Tools\Binn\;C:\Program Files\Java\jdk-21\bin;C:\Users\tapas\AppData\Local\Programs\Python\Python313\;C:\Users\tapas\AppData\Local\Programs\Python\Python313\Scripts;C:\Users\tapas\AppData\Local\Microsoft\WindowsApps;C:\Program Files\JetBrains\PyCharm 2023.1.3\bin;;C:\Program Files\JetBrains\PyCharm Community Edition 2024.1\bin;;C:\Users\allure-2.30.0\bin;C:\Users\tapas\AppData\Roaming\npm;C:\Users\tapas\AppData\Local\Programs\Microsoft VS Code\bin;C:\Users\tapas\.dotnet\tools;C:\Program Files\Java\jdk-21;C:\Users\tapas\AppData\Local\Programs\Python\Python313\Lib;;C:\WINDOWS\System32;;."/>
    <property name="java.vm.info" value="mixed mode, sharing"/>
    <property name="stderr.encoding" value="Cp1252"/>
    <property name="java.vendor" value="Oracle Corporation"/>
    <property name="java.vm.version" value="21.0.8+12-LTS-250"/>
    <property name="sun.io.unicode.encoding" value="UnicodeLittle"/>
    <property name="java.class.version" value="65.0"/>
  </properties>
  <testcase name="verifyLoginPageTitle" classname="mytests.LoginPageTest" time="0.027">
    <system-out><![CDATA[...
... TestNG 7.11.0 by CÃ©dric Beust (cedric@beust.com)
...

Test Suite started!
Test Suite started!
verifyLoginPageTitle started!
checkLoginSuccessful started!
verifyLoginPageTitle passed!
]]></system-out>
    <system-err><![CDATA[SLF4J(W): No SLF4J providers were found.
SLF4J(W): Defaulting to no-operation (NOP) logger implementation
SLF4J(W): See https://www.slf4j.org/codes.html#noProviders for further details.
]]></system-err>
  </testcase>
  <testcase name="verifyLoginPageUrl" classname="mytests.LoginPageTest" time="0.011">
    <system-out><![CDATA[verifyLoginPageUrl started!
verifyLoginPageUrl passed!
]]></system-out>
  </testcase>
  <testcase name="verifyLoginSuccessful" classname="mytests.LoginPageTest" time="0.568">
    <system-out><![CDATA[verifyLoginSuccessful started!
verifyLoginSuccessful passed!
]]></system-out>
  </testcase>
  <testcase name="checkLoginSuccessful" classname="mytests.HomePageTest" time="0.719">
    <system-out><![CDATA[checkLoginSuccessful passed!
]]></system-out>
  </testcase>
  <testcase name="verifyElementsvisible" classname="mytests.HomePageTest" time="2.036">
    <system-out><![CDATA[verifyElementsvisible started!
Test Suite is ending!
verifyElementsvisible passed!
]]></system-out>
  </testcase>
  <testcase name="verifyCartLinkClicked" classname="mytests.HomePageTest" time="0.351">
    <system-out><![CDATA[verifyCartLinkClicked started!
verifyCartLinkClicked passed!
]]></system-out>
  </testcase>
</testsuite>