<?xml version="1.0" encoding="UTF-8"?>
<!-- Generated by org.testng.reporters.JUnitReportReporter -->
<testsuite hostname="JayMM" failures="0" tests="3" name="mytests.HomePageTest" time="3.209" errors="0" timestamp="2025-08-15T22:44:05 IST" skipped="0">
  <testcase classname="mytests.HomePageTest" name="checkLoginSuccessful" time="0.692"/>
  <testcase classname="mytests.HomePageTest" name="verifyElementsvisible" time="2.049"/>
  <testcase classname="mytests.HomePageTest" name="verifyCartLinkClicked" time="0.468"/>
</testsuite> <!-- mytests.HomePageTest -->
