<?xml version="1.0" encoding="UTF-8"?>
<!-- Generated by org.testng.reporters.JUnitReportReporter -->
<testsuite hostname="JayMM" failures="0" tests="3" name="mytests.LoginPageTest" time="0.744" errors="0" timestamp="2025-08-15T22:44:05 IST" skipped="0">
  <testcase classname="mytests.LoginPageTest" name="verifyLoginPageTitle" time="0.067"/>
  <testcase classname="mytests.LoginPageTest" name="verifyLoginSuccessful" time="0.666"/>
  <testcase classname="mytests.LoginPageTest" name="verifyLoginPageUrl" time="0.011"/>
</testsuite> <!-- mytests.LoginPageTest -->
