<?xml version="1.0" encoding="UTF-8"?>
<!-- Generated by org.testng.reporters.JUnitReportReporter -->
<testsuite hostname="JayMM" failures="0" tests="3" name="mytests.HomePageTest" time="3.144" errors="0" timestamp="2025-08-15T23:00:10 IST" skipped="0">
  <testcase classname="mytests.HomePageTest" name="checkLoginSuccessful" time="0.760"/>
  <testcase classname="mytests.HomePageTest" name="verifyElementsvisible" time="2.030"/>
  <testcase classname="mytests.HomePageTest" name="verifyCartLinkClicked" time="0.354"/>
</testsuite> <!-- mytests.HomePageTest -->
