<?xml version="1.0" encoding="UTF-8"?>
<!-- Generated by org.testng.reporters.JUnitReportReporter -->
<testsuite hostname="JayMM" failures="0" tests="3" name="mytests.LoginPageTest" time="0.614" errors="0" timestamp="2025-08-15T23:00:10 IST" skipped="0">
  <testcase classname="mytests.LoginPageTest" name="verifyLoginSuccessful" time="0.584"/>
  <testcase classname="mytests.LoginPageTest" name="verifyLoginPageTitle" time="0.029"/>
  <testcase classname="mytests.LoginPageTest" name="verifyLoginPageUrl" time="0.001"/>
</testsuite> <!-- mytests.LoginPageTest -->
